<?xml version="1.0" encoding="utf-8" ?>
<!-- DO NOT EDIT THIS FILE -->

<log version='2.0' source='trc'>
	<msg id='1' display='false' source='trc'>
		<type>PROCESS_START</type>
		<severity>INFO</severity>
		<timestamp>Mon Jan 13 15:09:27 2020</timestamp>
		<arg name='process'>/home/a76387/temp/bin/matMult</arg>
		<arg name='pid'>1722</arg>
	</msg>
	<!-- Instrumentation filter's state:
    Patterns applicability:
        Generic loop pattern.....................: disabled
        Generic loop pattern (with dynamic jumps): disabled
        Known trip value loop pattern............: disabled
        Runtime final value loop pattern.........: disabled
        No initial IV loop pattern...............: disabled
        IV step only loop pattern................: disabled
        No entry loop pattern....................: disabled
    Clustered memory model (CMM) applicability:
        Generic loop pattern.....................: enabled
        Generic loop pattern (with dynamic jumps): enabled
        Known trip value loop pattern............: enabled
        Runtime final value loop pattern.........: enabled
        No initial IV loop pattern...............: enabled
        IV step only loop pattern................: enabled
        No entry loop pattern....................: disabled
 -->
	<!-- Callstack mode:
    filter modules.........: true
    filter routines........: true
    count loops............: false
    count flops............: true
    trace..................: false
    extended trace.........: false
    omp trace..............: false
    failures trace.........: false
    dump raw...............: false
    dump final.............: false
    dump all...............: false
    stack stitching........: true
    stl profiling..........: false
    aggressive frame switch: true
    unwind frame exit......: true
    analyze child loops....: true
 -->
	<!-- Managed application profiling: -->
	<!-- 	State...................: disabled -->
	<msg id='2' display='false' source='trc'>
		<type>PROCESS_ANALYSIS_MODE</type>
		<severity>INFO</severity>
		<timestamp>Mon Jan 13 15:09:27 2020</timestamp>
		<arg name='mode'>full</arg>
	</msg>
	<msg id='3' display='false' source='trc'>
		<type>LOAD_MODULE</type>
		<severity>INFO</severity>
		<timestamp>Mon Jan 13 15:09:27 2020</timestamp>
		<arg name='module'>/home/a76387/temp/bin/matMult</arg>
		<arg name='basement'>0x400000</arg>
		<arg name='ceiling'>0x300ffa9f</arg>
	</msg>
	<!-- Instrumenting image: id = 1, name = /home/a76387/temp/bin/matMult -->
	<!-- skipping routine "__intel_new_memset", reason cannot build control-flow graph (HasDynamicJumps) -->
	<msg id='4' display='false' source='trc'>
		<type>LOAD_MODULE</type>
		<severity>INFO</severity>
		<timestamp>Mon Jan 13 15:09:27 2020</timestamp>
		<arg name='module'>/lib64/ld-linux-x86-64.so.2</arg>
		<arg name='basement'>0x32a2c00000</arg>
		<arg name='ceiling'>0x32a2e21187</arg>
	</msg>
	<!-- Instrumentation of /lib64/ld-linux-x86-64.so.2 image skipped because of filter conditions [cs-mode]. -->
	<msg id='5' display='false' source='trc'>
		<type>LOAD_MODULE</type>
		<severity>INFO</severity>
		<timestamp>Mon Jan 13 15:09:27 2020</timestamp>
		<arg name='module'>[vdso]</arg>
		<arg name='basement'>0x7fffce9be000</arg>
		<arg name='ceiling'>0x7fffce9bea9f</arg>
	</msg>
	<!-- Instrumentation of [vdso] image skipped because of filter conditions [cs-mode]. -->
	<msg id='6' display='false' source='trc'>
		<type>LOAD_MODULE</type>
		<severity>INFO</severity>
		<timestamp>Mon Jan 13 15:09:28 2020</timestamp>
		<arg name='module'>/share/apps/papi/5.4.1/lib/libpapi.so.5.4.1.0</arg>
		<arg name='basement'>0x2b916e69a000</arg>
		<arg name='ceiling'>0x2b916e8f2bcf</arg>
	</msg>
	<!-- Instrumentation of /share/apps/papi/5.4.1/lib/libpapi.so.5.4.1.0 image skipped because of filter conditions [cs-mode]. -->
	<msg id='7' display='false' source='trc'>
		<type>LOAD_MODULE</type>
		<severity>INFO</severity>
		<timestamp>Mon Jan 13 15:09:28 2020</timestamp>
		<arg name='module'>/share/apps/gcc/4.9.0/lib64/libstdc++.so.6</arg>
		<arg name='basement'>0x2b916e954000</arg>
		<arg name='ceiling'>0x2b916ec6485f</arg>
	</msg>
	<!-- Instrumentation of /share/apps/gcc/4.9.0/lib64/libstdc++.so.6 image skipped because of filter conditions [cs-mode]. -->
	<msg id='8' display='false' source='trc'>
		<type>LOAD_MODULE</type>
		<severity>INFO</severity>
		<timestamp>Mon Jan 13 15:09:28 2020</timestamp>
		<arg name='module'>/lib64/libm.so.6</arg>
		<arg name='basement'>0x32a3c00000</arg>
		<arg name='ceiling'>0x32a3e830d7</arg>
	</msg>
	<!-- Instrumentation of /lib64/libm.so.6 image skipped because of filter conditions [cs-mode]. -->
	<msg id='9' display='false' source='trc'>
		<type>LOAD_MODULE</type>
		<severity>INFO</severity>
		<timestamp>Mon Jan 13 15:09:28 2020</timestamp>
		<arg name='module'>/share/apps/intel/compilers_and_libraries_2019.5.281/linux/compiler/lib/intel64_lin/libiomp5.so</arg>
		<arg name='basement'>0x2b916ed04000</arg>
		<arg name='ceiling'>0x2b916f0f833f</arg>
	</msg>
	<!-- Instrumentation of /share/apps/intel/compilers_and_libraries_2019.5.281/linux/compiler/lib/intel64_lin/libiomp5.so image skipped because of filter conditions [cs-mode]. -->
	<msg id='10' display='false' source='trc'>
		<type>LOAD_MODULE</type>
		<severity>INFO</severity>
		<timestamp>Mon Jan 13 15:09:28 2020</timestamp>
		<arg name='module'>/share/apps/gcc/4.9.0/lib64/libgcc_s.so.1</arg>
		<arg name='basement'>0x2b916f0f9000</arg>
		<arg name='ceiling'>0x2b916f30ea1f</arg>
	</msg>
	<!-- Instrumentation of /share/apps/gcc/4.9.0/lib64/libgcc_s.so.1 image skipped because of filter conditions [cs-mode]. -->
	<msg id='11' display='false' source='trc'>
		<type>LOAD_MODULE</type>
		<severity>INFO</severity>
		<timestamp>Mon Jan 13 15:09:28 2020</timestamp>
		<arg name='module'>/lib64/libpthread.so.0</arg>
		<arg name='basement'>0x32a3800000</arg>
		<arg name='ceiling'>0x32a3a1c39f</arg>
	</msg>
	<!-- Instrumentation of /lib64/libpthread.so.0 image skipped because of filter conditions [cs-mode]. -->
	<msg id='12' display='false' source='trc'>
		<type>LOAD_MODULE</type>
		<severity>INFO</severity>
		<timestamp>Mon Jan 13 15:09:28 2020</timestamp>
		<arg name='module'>/lib64/libc.so.6</arg>
		<arg name='basement'>0x32a3000000</arg>
		<arg name='ceiling'>0x32a33928a7</arg>
	</msg>
	<!-- Instrumentation of /lib64/libc.so.6 image skipped because of filter conditions [cs-mode]. -->
	<msg id='13' display='false' source='trc'>
		<type>LOAD_MODULE</type>
		<severity>INFO</severity>
		<timestamp>Mon Jan 13 15:09:28 2020</timestamp>
		<arg name='module'>/lib64/libdl.so.2</arg>
		<arg name='basement'>0x32a3400000</arg>
		<arg name='ceiling'>0x32a36030ff</arg>
	</msg>
	<!-- Instrumentation of /lib64/libdl.so.2 image skipped because of filter conditions [cs-mode]. -->
	<msg id='14' display='false' source='trc'>
		<type>LOAD_MODULE</type>
		<severity>INFO</severity>
		<timestamp>Mon Jan 13 15:09:28 2020</timestamp>
		<arg name='module'>/share/apps/papi/5.4.1/lib/libpfm.so.4</arg>
		<arg name='basement'>0x2b916f348000</arg>
		<arg name='ceiling'>0x2b916f6c4abf</arg>
	</msg>
	<!-- Instrumentation of /share/apps/papi/5.4.1/lib/libpfm.so.4 image skipped because of filter conditions [cs-mode]. -->
	<msg id='15' display='false' source='trc'>
		<type>UNLOAD_MODULE</type>
		<severity>INFO</severity>
		<timestamp>Mon Jan 13 15:13:14 2020</timestamp>
		<arg name='module'>/home/a76387/temp/bin/matMult</arg>
	</msg>
	<msg id='16' display='false' source='trc'>
		<type>UNLOAD_MODULE</type>
		<severity>INFO</severity>
		<timestamp>Mon Jan 13 15:13:14 2020</timestamp>
		<arg name='module'>/lib64/ld-linux-x86-64.so.2</arg>
	</msg>
	<msg id='17' display='false' source='trc'>
		<type>UNLOAD_MODULE</type>
		<severity>INFO</severity>
		<timestamp>Mon Jan 13 15:13:14 2020</timestamp>
		<arg name='module'>[vdso]</arg>
	</msg>
	<msg id='18' display='false' source='trc'>
		<type>UNLOAD_MODULE</type>
		<severity>INFO</severity>
		<timestamp>Mon Jan 13 15:13:14 2020</timestamp>
		<arg name='module'>/share/apps/papi/5.4.1/lib/libpapi.so.5.4.1.0</arg>
	</msg>
	<msg id='19' display='false' source='trc'>
		<type>UNLOAD_MODULE</type>
		<severity>INFO</severity>
		<timestamp>Mon Jan 13 15:13:14 2020</timestamp>
		<arg name='module'>/share/apps/gcc/4.9.0/lib64/libstdc++.so.6</arg>
	</msg>
	<msg id='20' display='false' source='trc'>
		<type>UNLOAD_MODULE</type>
		<severity>INFO</severity>
		<timestamp>Mon Jan 13 15:13:14 2020</timestamp>
		<arg name='module'>/lib64/libm.so.6</arg>
	</msg>
	<msg id='21' display='false' source='trc'>
		<type>UNLOAD_MODULE</type>
		<severity>INFO</severity>
		<timestamp>Mon Jan 13 15:13:14 2020</timestamp>
		<arg name='module'>/share/apps/intel/compilers_and_libraries_2019.5.281/linux/compiler/lib/intel64_lin/libiomp5.so</arg>
	</msg>
	<msg id='22' display='false' source='trc'>
		<type>UNLOAD_MODULE</type>
		<severity>INFO</severity>
		<timestamp>Mon Jan 13 15:13:14 2020</timestamp>
		<arg name='module'>/share/apps/gcc/4.9.0/lib64/libgcc_s.so.1</arg>
	</msg>
	<msg id='23' display='false' source='trc'>
		<type>UNLOAD_MODULE</type>
		<severity>INFO</severity>
		<timestamp>Mon Jan 13 15:13:14 2020</timestamp>
		<arg name='module'>/lib64/libpthread.so.0</arg>
	</msg>
	<msg id='24' display='false' source='trc'>
		<type>UNLOAD_MODULE</type>
		<severity>INFO</severity>
		<timestamp>Mon Jan 13 15:13:14 2020</timestamp>
		<arg name='module'>/lib64/libc.so.6</arg>
	</msg>
	<msg id='25' display='false' source='trc'>
		<type>UNLOAD_MODULE</type>
		<severity>INFO</severity>
		<timestamp>Mon Jan 13 15:13:14 2020</timestamp>
		<arg name='module'>/lib64/libdl.so.2</arg>
	</msg>
	<msg id='26' display='false' source='trc'>
		<type>UNLOAD_MODULE</type>
		<severity>INFO</severity>
		<timestamp>Mon Jan 13 15:13:14 2020</timestamp>
		<arg name='module'>/share/apps/papi/5.4.1/lib/libpfm.so.4</arg>
	</msg>
	<msg id='27' display='false' source='trc'>
		<type>PROCESS_FINISH</type>
		<severity>INFO</severity>
		<timestamp>Mon Jan 13 15:13:14 2020</timestamp>
		<arg name='process'>/home/a76387/temp/bin/matMult</arg>
		<arg name='pid'>1722</arg>
		<arg name='exitcode'>0x0</arg>
	</msg>
	<!-- Application exited with code 0 -->
</log>