19 [47223669310464] INFO perfrun.launcher <> - Launcher main begin
21 [47223669310464] INFO perfrun.launcher <> - MessageCatalogInit finished
21 [47223669310464] INFO perfrun.launcher <> - Launcher instance created
21 [47223669310464] INFO perfrun.launcher <> - argc = 7; cmdline = /share/apps/intel/advisor_2019.4.0.597843/bin64/advixe-runss --ui-output-format xml --ui-output-fd 6 --option-file /home/a76387/temp/e000/hs000/config/runss.options 
51 [47223669310464] INFO perfrun.launcher <> - plugin remoteplug has been added successfully
51 [47223669310464] INFO perfrun.launcher <> - plugin system has been added successfully
51 [47223669310464] INFO perfrun.launcher <> - plugin  has been added successfully
51 [47223669310464] INFO perfrun.launcher <> - plugin  has been added successfully
51 [47223669310464] INFO perfrun.launcher <> - plugin  has been added successfully
51 [47223669310464] INFO perfrun.launcher <> - plugin  has been added successfully
51 [47223669310464] INFO perfrun.launcher <> - plugin  has been added successfully
51 [47223669310464] INFO perfrun.launcher <> - plugin  has been added successfully
51 [47223669310464] INFO perfrun.launcher <> - plugin mrte has been added successfully
51 [47223669310464] INFO perfrun.launcher <> - plugin  has been added successfully
51 [47223669310464] INFO perfrun.launcher <> - plugin  has been added successfully
51 [47223669310464] INFO perfrun.launcher <> - plugin  has been added successfully
57 [47223669310464] INFO perfrun.launcher <> - plugin  has been added successfully
57 [47223669310464] INFO perfrun.launcher <> - plugin  has been added successfully
57 [47223669310464] INFO perfrun.launcher <> - plugin  has been added successfully
58 [47223669310464] INFO perfrun.launcher <> - plugin tpss has been added successfully
58 [47223669310464] INFO perfrun.launcher <> - plugin  has been added successfully
58 [47223669310464] INFO perfrun.launcher <> - plugin  has been added successfully
58 [47223669310464] INFO perfrun.launcher <> - plugin  has been added successfully
58 [47223669310464] INFO perfrun.launcher <> - plugin  has been added successfully
58 [47223669310464] INFO perfrun.launcher <> - plugin  has been added successfully
58 [47223669310464] INFO perfrun.launcher <> - plugin  has been added successfully
58 [47223669310464] INFO perfrun.launcher <> - plugin  has been added successfully
60 [47223669310464] INFO perfrun.launcher <> - the option was added --interval: Specify an interval of data collection (for example, sampling) in milliseconds.
61 [47223669310464] INFO perfrun.launcher <> - the option was added --follow-child: Profile process with or without children.
61 [47223669310464] INFO perfrun.launcher <> - the option was added --gelding: BADMSG: perfrun1.launcher.plugin_manager::gelding
62 [47223669310464] INFO perfrun.launcher <> - the option was added --time-source: Specify time source for measurement. Possible values: sys - wall clock time; tsc - time stamp counter; ext - time from an external source; auto - auto select accurate time source.
62 [47223669310464] INFO perfrun.launcher <> - the option was added --stack: Enable or disable collection of stacks.
62 [47223669310464] INFO perfrun.launcher <> - the option was added --stack-stitching: Enable or disable the stack stitching algorithm for Intel TBB-based applications.
62 [47223669310464] INFO perfrun.launcher <> - the option was added --type: Specify type of data to be collected. For example, --type cpu:counters,waiting:nostack,io.
63 [47223669310464] INFO perfrun.launcher <> - the option was added --mrte-mode: Specify Java/.NET/other managed runtime collection mode. Possible values: native - collect information only for native code; managed - collect information only for managed code; mixed - collect information for both managed and native code; auto - choose the mode based on binary type.
63 [47223669310464] INFO perfrun.launcher <> - the option was added --mrte-mode-list: List supported Java/.NET/other managed runtime collection modes.
63 [47223669310464] INFO perfrun.launcher <> - the option was added --mrte-type: Specify which managed runtimes to collect. Possible values: java - collect information for Java; dotnet - collect information for .NET; python - collect information for CPython. You can specify several values separated by comma.
64 [47223669310464] INFO perfrun.launcher <> - the option was added --mrte-type-list: List supported Java/.NET/other managed runtime types.
64 [47223669310464] INFO perfrun.launcher <> - the option was added --trace-strategy: Specify how to profile a process tree. <string> can be "<process>:trace:notrace" - profile the process but do not profile its children. Shorthand parameters: t - trace, nt - notrace. For example, "vtunedemo.exe:t:t".
64 [47223669310464] INFO perfrun.launcher <> - the option was added --collector: BADMSG: perfrun1.launcher.plugin_manager::collector
64 [47223669310464] INFO perfrun.launcher <> - the option was added --system-wide: Enable system-wide profiling. This mode may require additional permissions.
65 [47223669310464] INFO perfrun.launcher <> - the option was added --kvm-guest: Enable KVM guest OS profiling.
65 [47223669310464] INFO perfrun.launcher <> - the option was added --kvm-guest-kallsyms: Specify a local path to the /proc/kallsyms file copied from the guest OS for proper symbol resolution.
65 [47223669310464] INFO perfrun.launcher <> - the option was added --kvm-guest-modules: Specify a local path to the /proc/modules file copied from the guest OS for proper symbol resolution.
65 [47223669310464] INFO perfrun.launcher <> - the option was added --dump-vdso: Dump [vdso] to result directory
65 [47223669310464] INFO perfrun.launcher <> - the option was added --bandwidth-limits: Measure bandwidth limits
71 [47223669310464] INFO perfrun.launcher <> - the option was added --bandwidth-strategy: Bandwidth limits determination specific properties (example: --bandwidth-strategy array-size=0,duration=500).
71 [47223669310464] INFO perfrun.launcher <> - the option was added --bandwidth-config: List of benchmarks to run.
71 [47223669310464] INFO perfrun.launcher <> - the option was added --system-collector-config: Specify subcollectors. Possible values: all, vdso, container, device-info, none.
71 [47223669310464] INFO perfrun.launcher <> - the option was added --stackwalk: Specify stack unwinding method. Possible values: online - unwind stacks during collection; offline - unwind stacks after collection is finished.
71 [47223669310464] INFO perfrun.launcher <> - the option was added --filter-include: Filter data during collection. Possible values: contended=<on|off> - filter out uncontended events; contended_nostack=<time> - filter out stacks for contended events that take less than <time> microseconds; wait=<time> - ignore transitions and blocks with wait time less than <time> microseconds; wait_nostack=<time> - filter out stacks for waits that take less than <time> microseconds.
71 [47223669310464] INFO perfrun.launcher <> - the option was added --debug-pin: Debug PIN tool and runtime.
71 [47223669310464] INFO perfrun.launcher <> - the option was added --debug-exception: Disallow the application to set own abnormal termination handler.
71 [47223669310464] INFO perfrun.launcher <> - the option was added --trace-type: Specify the trace file granularity. Possible values: per-thread - per-thread trace file generation; per-process - per-process trace file generation.
71 [47223669310464] INFO perfrun.launcher <> - the option was added --instrumentation-type: Specify type of instrumentation.
71 [47223669310464] INFO perfrun.launcher <> - the option was added --altstack: Enable or disable usage of altstacks for profiling signal handlers.
71 [47223669310464] INFO perfrun.launcher <> - the option was added --profiling-signal: Alternate profiling signal.
71 [47223669310464] INFO perfrun.launcher <> - the option was added --memory-strategy: Specify a minimal memory object size to be traced and a hash table size for faster objects search; for example: --memory-strategy obj-size-min=1024,hash-table-size=4096.
71 [47223669310464] INFO perfrun.launcher <> - the option was added --opencl-trace-mode: Specify OpenCL kernel tracing modes: 'default' to trace OpenCL kernels for Intel Graphics Driver only; 'epoch' for any non-Intel graphics, where OpenCL kernels will be traced and OpenCL profiling API timestamps will be interpreted as Unux Epoch time in nanoseconds; 'completion' to trace OpenCL kernels for any Graphics Driver and bind OpenCL profiling API timestamps to the timestamp of OpenCL completion callback.
75 [47223669310464] INFO perfrun.launcher <> - create msngr2::ICliToolContext
76 [47223669310464] INFO perfrun.launcher <> - create file finder object
76 [47223669310464] INFO perfrun.launcher <> - create a result directory: pattern = /home/a76387/temp/e000/hs000 pid = 4294967295
90 [47223669310464] INFO perfrun.sdk <> - checked that the directory /home/a76387/temp/e000/hs000 is a local directory
90 [47223669310464] INFO perfrun.sdk <> - the directory /home/a76387/temp/e000/hs000 is located on a share or its FS ID is unknown 26985
90 [47223669310464] INFO perfrun.sdk <> - checked that the directory /tmp/advixe-tmp-a76387 is a local directory
90 [47223669310464] INFO perfrun.sdk <> - the directory /tmp/advixe-tmp-a76387 is a local directory with FS type ID 61267
91 [47223669310464] INFO perfrun.launcher <> - Create a local result directory /tmp/advixe-tmp-a76387/advixe-res-1427-855611096408916 due to the user result path /home/a76387/temp/e000/hs000 is located on a share
91 [47223669310464] INFO perfrun.launcher <> - create data directory = /tmp/advixe-tmp-a76387/advixe-res-1427-855611096408916/data.0
91 [47223669310464] INFO perfrun.launcher <> - create data directory = /home/a76387/temp/e000/hs000/data.0
92 [47223669310464] INFO perfrun.launcher <> - Creating the master collection flag
95 [47223669310464] INFO perfrun.launcher <> - Done creating the master collection flag
102 [47223676204800] INFO perfrun.launcher <> - plugin [remoteplug] was disabled because it doesn't support the given collection type.
110 [47223676204800] INFO perfrun.sdk <> - Allocating TMU :/tmp/advixe-tmp-a76387/advixe-res-1427-855611096408916/data.0/systemcollector-1427-compute-662-5.local.sc
110 [47223676204800] INFO perfrun.launcher <> - plugin [] was disabled because it doesn't support the given collection type.
110 [47223676204800] INFO perfrun.launcher <> - plugin [] was disabled because it doesn't support the given collection type.
110 [47223676204800] INFO perfrun.launcher <> - plugin [] was disabled because it doesn't support the given collection type.
110 [47223676204800] INFO perfrun.launcher <> - plugin [] was disabled because it doesn't support the given collection type.
110 [47223676204800] INFO perfrun.launcher <> - plugin [] was disabled because it doesn't support the given collection type.
110 [47223676204800] INFO perfrun.launcher <> - plugin [] was disabled because it doesn't support the given collection type.
110 [47223676204800] INFO perfrun.launcher <> - plugin [mrte] was disabled because it doesn't support the given collection type.
110 [47223676204800] INFO perfrun.launcher <> - plugin [] was disabled because it doesn't support the given collection type.
110 [47223676204800] INFO perfrun.launcher <> - plugin [] was disabled because it doesn't support the given collection type.
110 [47223676204800] INFO perfrun.launcher <> - plugin [] was disabled because it doesn't support the given collection type.
110 [47223676204800] INFO perfrun.launcher <> - plugin [] was disabled because it doesn't support the given collection type.
110 [47223676204800] INFO perfrun.launcher <> - plugin [] was disabled because it doesn't support the given collection type.
110 [47223676204800] INFO perfrun.launcher <> - plugin [] was disabled because it doesn't support the given collection type.
110 [47223676204800] INFO perfrun.tpss <> - initialize tpss controller
110 [47223676204800] INFO perfrun.tpss <> - configure collection mode: value = cpu:stack
110 [47223676204800] INFO perfrun.tpss <> - default obj-size-min=1024
110 [47223676204800] INFO perfrun.tpss <> - default hash-table-size=0
110 [47223676204800] INFO perfrun.launcher <> - plugin [] was disabled because it doesn't support the given collection type.
110 [47223676204800] INFO perfrun.launcher <> - plugin [] was disabled because it doesn't support the given collection type.
110 [47223676204800] INFO perfrun.launcher <> - plugin [] was disabled because it doesn't support the given collection type.
110 [47223676204800] INFO perfrun.launcher <> - plugin [] was disabled because it doesn't support the given collection type.
111 [47223676204800] INFO perfrun.launcher <> - plugin [] was disabled because it doesn't support the given collection type.
111 [47223676204800] INFO perfrun.launcher <> - plugin [] was disabled because it doesn't support the given collection type.
111 [47223676204800] INFO perfrun.launcher <> - plugin [] was disabled because it doesn't support the given collection type.
111 [47223669310464] INFO perfrun.launcher <> - RpcServer: run RPC server to handle requests
112 [47223669310464] INFO perfrun.launcher <> - Launcher: command line to start before modification = bin/matMult
112 [47223669310464] INFO perfrun.launcher <> - Launcher: command line to start after modification = /share/apps/intel/advisor_2019.4.0.597843/bin64/pin -error_file /tmp/advixe-tmp-a76387/advixe-res-1427-855611096408916/data.0/pinerr.tpsslog -detach_reattach -follow_execv -tool_load_option deepbind -t64 /share/apps/intel/advisor_2019.4.0.597843/lib64/libtpsstool.so -t /share/apps/intel/advisor_2019.4.0.597843/lib32/libtpsstool.so -server_name tpss_ipc.1427 -prd_dir /share/apps/intel/advisor_2019.4.0.597843 -- bin/matMult
112 [47223669310464] INFO perfrun.launcher <> - ProcessCreator object was created
113 [47223669310464] INFO perfrun.launcher <> - Launcher: the process was started in suspend mode
241 [47223676204800] INFO perfrun.system <> - Helper runtool '/share/apps/intel/advisor_2019.4.0.597843/bin32/advixe-runss -dump-vdso -r /tmp/advixe-tmp-a76387/advixe-res-1427-855611096408916 --tmp-dir /tmp/advixe-tmp-a76387' returned 0
368 [47223676204800] INFO perfrun.system <> - Helper runtool '/share/apps/intel/advisor_2019.4.0.597843/bin64/advixe-runss -dump-vdso -r /tmp/advixe-tmp-a76387/advixe-res-1427-855611096408916 --tmp-dir /tmp/advixe-tmp-a76387' returned 0
450 [47223676204800] INFO perfrun.system <> - OpenCL gpu adapter vendor Id 4139
450 [47223676204800] WARN perfrun.system <> - Folder "/sys/kernel/debug/kvm"doesn't exist, at file: vcs/perfrun1/plugins/system/src/trace_writer.cpp:682
450 [47223676204800] WARN perfrun.system <> - Folder "/var/run/libvirt/qemu/"doesn't exist, at file: vcs/perfrun1/plugins/system/src/trace_writer.cpp:762
450 [47223676204800] WARN perfrun.sdk <> - Failed to find xl binary on any of the system paths: /bin, /sbin, /usr/bin, /usr/sbin., at file: vcs/perfrun1/sdk/src/utils.cpp:529
458 [47223676204800] INFO perfrun.tpss <> - start tpss controller for pid #1432
508 [47223669310464] INFO perfrun.launcher <> - Launcher: all plugins were started
508 [47223669310464] INFO perfrun.launcher <> - DirectoryMonitor object was created
508 [47223669310464] INFO perfrun.launcher <> - DirectoryMonitor: a callback was added
508 [47223669310464] INFO perfrun.launcher <> - DirectoryMonitor was started with pingTime = 1000
508 [47223669310464] INFO perfrun.launcher <> - DeadlineTimer is going to be constructed
509 [47223669310464] INFO perfrun.launcher <> - DeadlineTimer: a callback was added
513 [47223669310464] INFO perfrun.launcher <> - Launcher: resume the profiled application and  wait its termination or stop command
31254 [47223669310464] INFO perfrun.launcher <> - Launcher: the profiled application was terminated  with exit code = 139
31259 [47223676204800] INFO perfrun.tpss <> - stop tpss controller
31260 [47223676204800] INFO perfrun.sdk <> - De-allocating TMU: /tmp/advixe-tmp-a76387/advixe-res-1427-855611096408916/data.0/systemcollector-1427-compute-662-5.local.sc
31260 [47223676204800] INFO perfrun.system <> - closed the system trace file: /tmp/advixe-tmp-a76387/advixe-res-1427-855611096408916/data.0/systemcollector-1427-compute-662-5.local.sc
31260 [47223669310464] INFO perfrun.launcher <> - Launcher: all plugins were stopped.
31260 [47223669310464] INFO perfrun.launcher <> - DeadlineTimer is going to be destroyed
31260 [47223669310464] INFO perfrun.launcher <> - DirectoryMonitor object was destroyed
31260 [47223669310464] WARN perfrun.launcher <> - Stop command is ignored because it is received when collection is already stopped, at file: vcs/perfrun1/launcher/src/command_handler.cpp:212
31272 [47223669310464] INFO perfrun.launcher <> - Application exit code: 139
31272 [47223669310464] INFO perfrun.launcher <> - Exit code: 4
