15 [1454157952] INFO perfrun.launcher <> - Launcher main begin
18 [1454157952] INFO perfrun.launcher <> - MessageCatalogInit finished
18 [1454157952] INFO perfrun.launcher <> - Launcher instance created
19 [1454157952] INFO perfrun.launcher <> - argc = 6; cmdline = /share/apps/intel/advisor_2019.4.0.597843/bin32/advixe-runss -dump-vdso -r /tmp/advixe-tmp-a76387/advixe-res-1427-855611096408916 --tmp-dir /tmp/advixe-tmp-a76387 
55 [1454157952] INFO perfrun.launcher <> - plugin remoteplug has been added successfully
55 [1454157952] INFO perfrun.launcher <> - plugin system has been added successfully
55 [1454157952] INFO perfrun.launcher <> - plugin  has been added successfully
55 [1454157952] INFO perfrun.launcher <> - plugin  has been added successfully
55 [1454157952] INFO perfrun.launcher <> - plugin  has been added successfully
55 [1454157952] INFO perfrun.launcher <> - plugin  has been added successfully
55 [1454157952] INFO perfrun.launcher <> - plugin  has been added successfully
55 [1454157952] INFO perfrun.launcher <> - plugin  has been added successfully
55 [1454157952] INFO perfrun.launcher <> - plugin mrte has been added successfully
55 [1454157952] INFO perfrun.launcher <> - plugin  has been added successfully
55 [1454157952] INFO perfrun.launcher <> - plugin  has been added successfully
55 [1454157952] INFO perfrun.launcher <> - plugin  has been added successfully
62 [1454157952] INFO perfrun.launcher <> - plugin  has been added successfully
62 [1454157952] INFO perfrun.launcher <> - plugin  has been added successfully
62 [1454157952] INFO perfrun.launcher <> - plugin  has been added successfully
62 [1454157952] INFO perfrun.launcher <> - plugin tpss has been added successfully
62 [1454157952] INFO perfrun.launcher <> - plugin  has been added successfully
62 [1454157952] INFO perfrun.launcher <> - plugin  has been added successfully
62 [1454157952] INFO perfrun.launcher <> - plugin  has been added successfully
62 [1454157952] INFO perfrun.launcher <> - plugin  has been added successfully
62 [1454157952] INFO perfrun.launcher <> - plugin  has been added successfully
62 [1454157952] INFO perfrun.launcher <> - plugin  has been added successfully
62 [1454157952] INFO perfrun.launcher <> - plugin  has been added successfully
63 [1454157952] INFO perfrun.launcher <> - the option was added --interval: Specify an interval of data collection (for example, sampling) in milliseconds.
63 [1454157952] INFO perfrun.launcher <> - the option was added --follow-child: Profile process with or without children.
63 [1454157952] INFO perfrun.launcher <> - the option was added --gelding: BADMSG: perfrun1.launcher.plugin_manager::gelding
67 [1454157952] INFO perfrun.launcher <> - the option was added --time-source: Specify time source for measurement. Possible values: sys - wall clock time; tsc - time stamp counter; ext - time from an external source; auto - auto select accurate time source.
67 [1454157952] INFO perfrun.launcher <> - the option was added --stack: Enable or disable collection of stacks.
68 [1454157952] INFO perfrun.launcher <> - the option was added --stack-stitching: Enable or disable the stack stitching algorithm for Intel TBB-based applications.
68 [1454157952] INFO perfrun.launcher <> - the option was added --type: Specify type of data to be collected. For example, --type cpu:counters,waiting:nostack,io.
68 [1454157952] INFO perfrun.launcher <> - the option was added --mrte-mode: Specify Java/.NET/other managed runtime collection mode. Possible values: native - collect information only for native code; managed - collect information only for managed code; mixed - collect information for both managed and native code; auto - choose the mode based on binary type.
68 [1454157952] INFO perfrun.launcher <> - the option was added --mrte-mode-list: List supported Java/.NET/other managed runtime collection modes.
68 [1454157952] INFO perfrun.launcher <> - the option was added --mrte-type: Specify which managed runtimes to collect. Possible values: java - collect information for Java; dotnet - collect information for .NET; python - collect information for CPython. You can specify several values separated by comma.
68 [1454157952] INFO perfrun.launcher <> - the option was added --mrte-type-list: List supported Java/.NET/other managed runtime types.
68 [1454157952] INFO perfrun.launcher <> - the option was added --trace-strategy: Specify how to profile a process tree. <string> can be "<process>:trace:notrace" - profile the process but do not profile its children. Shorthand parameters: t - trace, nt - notrace. For example, "vtunedemo.exe:t:t".
68 [1454157952] INFO perfrun.launcher <> - the option was added --collector: BADMSG: perfrun1.launcher.plugin_manager::collector
68 [1454157952] INFO perfrun.launcher <> - the option was added --system-wide: Enable system-wide profiling. This mode may require additional permissions.
68 [1454157952] INFO perfrun.launcher <> - the option was added --kvm-guest: Enable KVM guest OS profiling.
68 [1454157952] INFO perfrun.launcher <> - the option was added --kvm-guest-kallsyms: Specify a local path to the /proc/kallsyms file copied from the guest OS for proper symbol resolution.
68 [1454157952] INFO perfrun.launcher <> - the option was added --kvm-guest-modules: Specify a local path to the /proc/modules file copied from the guest OS for proper symbol resolution.
68 [1454157952] INFO perfrun.launcher <> - the option was added --dump-vdso: Dump [vdso] to result directory
68 [1454157952] INFO perfrun.launcher <> - the option was added --bandwidth-limits: Measure bandwidth limits
68 [1454157952] INFO perfrun.launcher <> - the option was added --bandwidth-strategy: Bandwidth limits determination specific properties (example: --bandwidth-strategy array-size=0,duration=500).
68 [1454157952] INFO perfrun.launcher <> - the option was added --bandwidth-config: List of benchmarks to run.
72 [1454157952] INFO perfrun.launcher <> - the option was added --system-collector-config: Specify subcollectors. Possible values: all, vdso, container, device-info, none.
72 [1454157952] INFO perfrun.launcher <> - the option was added --stackwalk: Specify stack unwinding method. Possible values: online - unwind stacks during collection; offline - unwind stacks after collection is finished.
72 [1454157952] INFO perfrun.launcher <> - the option was added --filter-include: Filter data during collection. Possible values: contended=<on|off> - filter out uncontended events; contended_nostack=<time> - filter out stacks for contended events that take less than <time> microseconds; wait=<time> - ignore transitions and blocks with wait time less than <time> microseconds; wait_nostack=<time> - filter out stacks for waits that take less than <time> microseconds.
72 [1454157952] INFO perfrun.launcher <> - the option was added --debug-pin: Debug PIN tool and runtime.
74 [1454157952] INFO perfrun.launcher <> - the option was added --debug-exception: Disallow the application to set own abnormal termination handler.
77 [1454157952] INFO perfrun.launcher <> - the option was added --trace-type: Specify the trace file granularity. Possible values: per-thread - per-thread trace file generation; per-process - per-process trace file generation.
77 [1454157952] INFO perfrun.launcher <> - the option was added --instrumentation-type: Specify type of instrumentation.
77 [1454157952] INFO perfrun.launcher <> - the option was added --altstack: Enable or disable usage of altstacks for profiling signal handlers.
77 [1454157952] INFO perfrun.launcher <> - the option was added --profiling-signal: Alternate profiling signal.
77 [1454157952] INFO perfrun.launcher <> - the option was added --memory-strategy: Specify a minimal memory object size to be traced and a hash table size for faster objects search; for example: --memory-strategy obj-size-min=1024,hash-table-size=4096.
77 [1454157952] INFO perfrun.launcher <> - the option was added --opencl-trace-mode: Specify OpenCL kernel tracing modes: 'default' to trace OpenCL kernels for Intel Graphics Driver only; 'epoch' for any non-Intel graphics, where OpenCL kernels will be traced and OpenCL profiling API timestamps will be interpreted as Unux Epoch time in nanoseconds; 'completion' to trace OpenCL kernels for any Graphics Driver and bind OpenCL profiling API timestamps to the timestamp of OpenCL completion callback.
78 [1454157952] INFO perfrun.launcher <> - create msngr2::ICliToolContext
78 [1454157952] INFO perfrun.launcher <> - create file finder object
86 [1458953072] INFO perfrun.launcher <> - plugin [remoteplug] was disabled because it doesn't support the given collection type.
86 [1458953072] INFO perfrun.system <> - dumping [vdso] pseudomodule
88 [1458953072] INFO perfrun.launcher <> - plugin [] was disabled because it doesn't support the given collection type.
88 [1458953072] INFO perfrun.launcher <> - plugin [] was disabled because it doesn't support the given collection type.
88 [1458953072] INFO perfrun.launcher <> - plugin [] was disabled because it doesn't support the given collection type.
88 [1458953072] INFO perfrun.launcher <> - plugin [] was disabled because it doesn't support the given collection type.
88 [1458953072] INFO perfrun.launcher <> - plugin [] was disabled because it doesn't support the given collection type.
88 [1458953072] INFO perfrun.launcher <> - plugin [] was disabled because it doesn't support the given collection type.
88 [1458953072] INFO perfrun.launcher <> - plugin [mrte] was disabled because it doesn't support the given collection type.
88 [1458953072] INFO perfrun.launcher <> - plugin [] was disabled because it doesn't support the given collection type.
88 [1458953072] INFO perfrun.launcher <> - plugin [] was disabled because it doesn't support the given collection type.
88 [1458953072] INFO perfrun.launcher <> - plugin [] was disabled because it doesn't support the given collection type.
88 [1458953072] INFO perfrun.launcher <> - plugin [] was disabled because it doesn't support the given collection type.
88 [1458953072] INFO perfrun.launcher <> - plugin [] was disabled because it doesn't support the given collection type.
88 [1458953072] INFO perfrun.launcher <> - plugin [] was disabled because it doesn't support the given collection type.
88 [1458953072] INFO perfrun.launcher <> - plugin [tpss] was disabled because it doesn't support the given collection type.
88 [1458953072] INFO perfrun.launcher <> - plugin [] was disabled because it doesn't support the given collection type.
88 [1458953072] INFO perfrun.launcher <> - plugin [] was disabled because it doesn't support the given collection type.
88 [1458953072] INFO perfrun.launcher <> - plugin [] was disabled because it doesn't support the given collection type.
88 [1458953072] INFO perfrun.launcher <> - plugin [] was disabled because it doesn't support the given collection type.
88 [1458953072] INFO perfrun.launcher <> - plugin [] was disabled because it doesn't support the given collection type.
88 [1458953072] INFO perfrun.launcher <> - plugin [] was disabled because it doesn't support the given collection type.
88 [1458953072] INFO perfrun.launcher <> - plugin [] was disabled because it doesn't support the given collection type.
89 [1454157952] INFO perfrun.launcher <> - Application exit code: 0
89 [1454157952] INFO perfrun.launcher <> - Exit code: 0
